c:\users\pc_user\documents\github\cg2_1\directxgame\cg2\x64\debug\log.obj
c:\users\pc_user\documents\github\cg2_1\directxgame\cg2\x64\debug\winapp.obj
c:\users\pc_user\documents\github\cg2_1\directxgame\cg2\x64\debug\aithmetic.obj
c:\users\pc_user\documents\github\cg2_1\directxgame\cg2\x64\debug\imgui.obj
c:\users\pc_user\documents\github\cg2_1\directxgame\cg2\x64\debug\rendering.obj
c:\users\pc_user\documents\github\cg2_1\directxgame\cg2\x64\debug\imgui_demo.obj
c:\users\pc_user\documents\github\cg2_1\directxgame\cg2\x64\debug\imgui_tables.obj
c:\users\pc_user\documents\github\cg2_1\directxgame\cg2\x64\debug\imgui_impl_dx12.obj
c:\users\pc_user\documents\github\cg2_1\directxgame\cg2\x64\debug\main.obj
c:\users\pc_user\documents\github\cg2_1\directxgame\cg2\x64\debug\imgui_draw.obj
c:\users\pc_user\documents\github\cg2_1\directxgame\cg2\x64\debug\math.obj
c:\users\pc_user\documents\github\cg2_1\directxgame\cg2\x64\debug\imgui_widgets.obj
c:\users\pc_user\documents\github\cg2_1\directxgame\cg2\x64\debug\imgui_impl_win32.obj
c:\users\pc_user\documents\github\cg2_1\directxgame\cg2\x64\debug\directxcommon.obj
c:\users\pc_user\documents\github\cg2_1\directxgame\cg2\x64\debug\vc143.pdb
c:\users\pc_user\documents\github\cg2_1\directxgame\x64\debug\cg2.exe
c:\users\pc_user\documents\github\cg2_1\directxgame\x64\debug\cg2.pdb
c:\users\pc_user\documents\github\cg2_1\directxgame\cg2\x64\debug\cg2.ilk
c:\users\pc_user\documents\github\cg2_1\directxgame\cg2\x64\debug\vc143.idb
c:\users\pc_user\documents\github\cg2_1\directxgame\cg2\x64\debug\cg2.tlog\cl.11196.write.1.tlog
c:\users\pc_user\documents\github\cg2_1\directxgame\cg2\x64\debug\cg2.tlog\cl.command.1.tlog
c:\users\pc_user\documents\github\cg2_1\directxgame\cg2\x64\debug\cg2.tlog\cl.items.tlog
c:\users\pc_user\documents\github\cg2_1\directxgame\cg2\x64\debug\cg2.tlog\cl.read.1.tlog
c:\users\pc_user\documents\github\cg2_1\directxgame\cg2\x64\debug\cg2.tlog\link.command.1.tlog
c:\users\pc_user\documents\github\cg2_1\directxgame\cg2\x64\debug\cg2.tlog\link.read.1.tlog
c:\users\pc_user\documents\github\cg2_1\directxgame\cg2\x64\debug\cg2.tlog\link.secondary.1.tlog
c:\users\pc_user\documents\github\cg2_1\directxgame\cg2\x64\debug\cg2.tlog\link.write.1.tlog
