c:\subject\directxgame\generated\obj\cg2\release\d3dresourceleakchecker.obj
c:\subject\directxgame\generated\obj\cg2\release\log.obj
c:\subject\directxgame\generated\obj\cg2\release\planeobject.obj
c:\subject\directxgame\generated\obj\cg2\release\modelcommon.obj
c:\subject\directxgame\generated\obj\cg2\release\rendering.obj
c:\subject\directxgame\generated\obj\cg2\release\gamescene.obj
c:\subject\directxgame\generated\obj\cg2\release\srvmanager.obj
c:\subject\directxgame\generated\obj\cg2\release\aithmetic.obj
c:\subject\directxgame\generated\obj\cg2\release\math.obj
c:\subject\directxgame\generated\obj\cg2\release\object3dcommon.obj
c:\subject\directxgame\generated\obj\cg2\release\blend.obj
c:\subject\directxgame\generated\obj\cg2\release\debugcamera.obj
c:\subject\directxgame\generated\obj\cg2\release\imguimanager.obj
c:\subject\directxgame\generated\obj\cg2\release\iscene.obj
c:\subject\directxgame\generated\obj\cg2\release\stringutility.obj
c:\subject\directxgame\generated\obj\cg2\release\gameobjectlist.obj
c:\subject\directxgame\generated\obj\cg2\release\scenefactory.obj
c:\subject\directxgame\generated\obj\cg2\release\texturemanager.obj
c:\subject\directxgame\generated\obj\cg2\release\baseobjectcommon.obj
c:\subject\directxgame\generated\obj\cg2\release\spritemanager.obj
c:\subject\directxgame\generated\obj\cg2\release\gamesystem.obj
c:\subject\directxgame\generated\obj\cg2\release\audiomanager.obj
c:\subject\directxgame\generated\obj\cg2\release\camera.obj
c:\subject\directxgame\generated\obj\cg2\release\matrix4x4.obj
c:\subject\directxgame\generated\obj\cg2\release\vector2.obj
c:\subject\directxgame\generated\obj\cg2\release\vector3.obj
c:\subject\directxgame\generated\obj\cg2\release\abstractscenefactory.obj
c:\subject\directxgame\generated\obj\cg2\release\spritecommon.obj
c:\subject\directxgame\generated\obj\cg2\release\worldtransform.obj
c:\subject\directxgame\generated\obj\cg2\release\sprite.obj
c:\subject\directxgame\generated\obj\cg2\release\input.obj
c:\subject\directxgame\generated\obj\cg2\release\directxbase.obj
c:\subject\directxgame\generated\obj\cg2\release\scenemanager.obj
c:\subject\directxgame\generated\obj\cg2\release\fixfps.obj
c:\subject\directxgame\generated\obj\cg2\release\cameramanager.obj
c:\subject\directxgame\generated\obj\cg2\release\main.obj
c:\subject\directxgame\generated\obj\cg2\release\audio.obj
c:\subject\directxgame\generated\obj\cg2\release\object2d.obj
c:\subject\directxgame\generated\obj\cg2\release\winapi.obj
c:\subject\directxgame\generated\obj\cg2\release\framework.obj
c:\subject\directxgame\generated\obj\cg2\release\titlescene.obj
c:\subject\directxgame\generated\obj\cg2\release\modelmanager.obj
c:\subject\directxgame\generated\obj\cg2\release\object3d.obj
c:\subject\directxgame\generated\obj\cg2\release\model.obj
c:\subject\directxgame\generated\obj\cg2\release\vector4.obj
c:\subject\directxgame\generated\obj\cg2\release\object2dcommon.obj
c:\subject\directxgame\generated\obj\cg2\release\vc143.pdb
c:\subject\cg\cg2\generated\outputs\release\cg2.exe
c:\subject\cg\cg2\generated\outputs\release\cg2.pdb
c:\subject\directxgame\generated\outputs\release\cg2.exe
c:\subject\directxgame\generated\outputs\release\cg2.pdb
c:\subject\directxgame\generated\obj\cg2\release\cg2.ipdb
c:\subject\directxgame\generated\obj\cg2\release\cg2.iobj
c:\subject\directxgame\project\..\generated\outputs\release\cg2.pdb
c:\subject\directxgame\project\..\generated\obj\cg2\release\directxgame.vcxproj.filelistabsolute.txt
c:\subject\directxgame\generated\obj\cg2\release\cg2.tlog\cl.command.1.tlog
c:\subject\directxgame\generated\obj\cg2\release\cg2.tlog\cl.items.tlog
c:\subject\directxgame\generated\obj\cg2\release\cg2.tlog\cl.read.1.tlog
c:\subject\directxgame\generated\obj\cg2\release\cg2.tlog\cl.write.1.tlog
c:\subject\directxgame\generated\obj\cg2\release\cg2.tlog\link.command.1.tlog
c:\subject\directxgame\generated\obj\cg2\release\cg2.tlog\link.read.1.tlog
c:\subject\directxgame\generated\obj\cg2\release\cg2.tlog\link.secondary.1.tlog
c:\subject\directxgame\generated\obj\cg2\release\cg2.tlog\link.write.1.tlog
