  Sprite.cpp
  SpriteCommon.cpp
  SpriteManager.cpp
  TextureManager.cpp
  Model.cpp
  ModelCommon.cpp
  ModelManager.cpp
  Audio.cpp
  AudioManager.cpp
  D3DResourceLeakChecker.cpp
  DirectXBase.cpp
  FixFPS.cpp
  SRVManager.cpp
  StringUtility.cpp
  WinApi.cpp
  Blend.cpp
  DebugCamera.cpp
  ImGuiManager.cpp
  Log.cpp
  Framework.cpp
  GameObjectList.cpp
  GameSystem.cpp
  Camera.cpp
  CameraManager.cpp
  Object2d.cpp
  Object3d.cpp
  PlaneObject.cpp
  WorldTransform.cpp
  Input.cpp
  main.cpp
  Aithmetic.cpp
  Math.cpp
  Rendering.cpp
  Matrix4x4.cpp
  Vector2.cpp
  Vector3.cpp
  Vector4.cpp
  BaseObjectCommon.cpp
  Object2dCommon.cpp
  Object3dCommon.cpp
  AbstractSceneFactory.cpp
  GameScene.cpp
  IScene.cpp
  SceneFactory.cpp
  SceneManager.cpp
  TitleScene.cpp
  コード生成しています。
  Previous IPDB not found, fall back to full compilation.
  All 3837 functions were compiled because no usable IPDB/IOBJ from previous compilation was found.
  コード生成が終了しました。
  DirectXGame.vcxproj -> C:\subject\DirectXGame\generated\outputs\Release\CG2.exe
          1 個のファイルをコピーしました。
          1 個のファイルをコピーしました。
